<?xml version="1.0" encoding="UTF-8" ?>
<testsuite failures="0" time="3.386" errors="0" skipped="0" tests="3" name="edu.chl.tbok.TestTBook">
  <properties>
    <property name="java.runtime.name" value="Java(TM) SE Runtime Environment"/>
    <property name="sun.boot.library.path" value="/nfs4/sol.ita.chalmers.se/ufs/misc/linuxsw/sup64/jdk-1.7.0_03/jre/lib/amd64"/>
    <property name="java.vm.version" value="22.1-b02"/>
    <property name="java.vm.vendor" value="Oracle Corporation"/>
    <property name="java.vendor.url" value="http://java.oracle.com/"/>
    <property name="path.separator" value=":"/>
    <property name="guice.disable.misplaced.annotation.check" value="true"/>
    <property name="java.vm.name" value="Java HotSpot(TM) 64-Bit Server VM"/>
    <property name="file.encoding.pkg" value="sun.io"/>
    <property name="user.country" value="US"/>
    <property name="sun.java.launcher" value="SUN_STANDARD"/>
    <property name="sun.os.patch.level" value="unknown"/>
    <property name="java.vm.specification.name" value="Java Virtual Machine Specification"/>
    <property name="user.dir" value="/chalmers/users/tapperk/Desktop/TB/TBook"/>
    <property name="java.runtime.version" value="1.7.0_03-b04"/>
    <property name="java.awt.graphicsenv" value="sun.awt.X11GraphicsEnvironment"/>
    <property name="java.endorsed.dirs" value="/nfs4/sol.ita.chalmers.se/ufs/misc/linuxsw/sup64/jdk-1.7.0_03/jre/lib/endorsed"/>
    <property name="os.arch" value="amd64"/>
    <property name="java.io.tmpdir" value="/tmp"/>
    <property name="line.separator" value="
"/>
    <property name="java.vm.specification.vendor" value="Oracle Corporation"/>
    <property name="os.name" value="Linux"/>
    <property name="classworlds.conf" value="/chalmers/groups/ws-devel/netbeans-7.2/java/maven/bin/m2.conf"/>
    <property name="sun.jnu.encoding" value="UTF-8"/>
    <property name="java.library.path" value="/:/usr/java/packages/lib/amd64:/usr/lib64:/lib64:/lib:/usr/lib"/>
    <property name="java.specification.name" value="Java Platform API Specification"/>
    <property name="java.class.version" value="51.0"/>
    <property name="sun.management.compiler" value="HotSpot 64-Bit Tiered Compilers"/>
    <property name="os.version" value="2.6.32-279.5.2.el6.x86_64"/>
    <property name="user.home" value="/chalmers/users/tapperk"/>
    <property name="user.timezone" value="Europe/Stockholm"/>
    <property name="java.awt.printerjob" value="sun.print.PSPrinterJob"/>
    <property name="file.encoding" value="UTF-8"/>
    <property name="java.specification.version" value="1.7"/>
    <property name="user.name" value="tapperk"/>
    <property name="java.class.path" value="/chalmers/groups/ws-devel/netbeans-7.2/java/maven/boot/plexus-classworlds-2.4.jar"/>
    <property name="java.vm.specification.version" value="1.7"/>
    <property name="sun.arch.data.model" value="64"/>
    <property name="java.home" value="/nfs4/sol.ita.chalmers.se/ufs/misc/linuxsw/sup64/jdk-1.7.0_03/jre"/>
    <property name="sun.java.command" value="org.codehaus.plexus.classworlds.launcher.Launcher clean install"/>
    <property name="java.specification.vendor" value="Oracle Corporation"/>
    <property name="user.language" value="en"/>
    <property name="awt.toolkit" value="sun.awt.X11.XToolkit"/>
    <property name="java.vm.info" value="mixed mode"/>
    <property name="java.version" value="1.7.0_03"/>
    <property name="java.ext.dirs" value="/nfs4/sol.ita.chalmers.se/ufs/misc/linuxsw/sup64/jdk-1.7.0_03/jre/lib/ext:/usr/java/packages/lib/ext"/>
    <property name="securerandom.source" value="file:/dev/./urandom"/>
    <property name="sun.boot.class.path" value="/nfs4/sol.ita.chalmers.se/ufs/misc/linuxsw/sup64/jdk-1.7.0_03/jre/lib/resources.jar:/nfs4/sol.ita.chalmers.se/ufs/misc/linuxsw/sup64/jdk-1.7.0_03/jre/lib/rt.jar:/nfs4/sol.ita.chalmers.se/ufs/misc/linuxsw/sup64/jdk-1.7.0_03/jre/lib/sunrsasign.jar:/nfs4/sol.ita.chalmers.se/ufs/misc/linuxsw/sup64/jdk-1.7.0_03/jre/lib/jsse.jar:/nfs4/sol.ita.chalmers.se/ufs/misc/linuxsw/sup64/jdk-1.7.0_03/jre/lib/jce.jar:/nfs4/sol.ita.chalmers.se/ufs/misc/linuxsw/sup64/jdk-1.7.0_03/jre/lib/charsets.jar:/nfs4/sol.ita.chalmers.se/ufs/misc/linuxsw/sup64/jdk-1.7.0_03/jre/classes"/>
    <property name="java.vendor" value="Oracle Corporation"/>
    <property name="maven.home" value="/chalmers/groups/ws-devel/netbeans-7.2/java/maven"/>
    <property name="file.separator" value="/"/>
    <property name="java.vendor.url.bug" value="http://bugreport.sun.com/bugreport/"/>
    <property name="sun.cpu.endian" value="little"/>
    <property name="sun.io.unicode.encoding" value="UnicodeLittle"/>
    <property name="sun.desktop" value="gnome"/>
    <property name="sun.cpu.isalist" value=""/>
  </properties>
  <testcase time="2.696" classname="edu.chl.tbok.TestTBook" name="testAddFindUser"/>
  <testcase time="0.316" classname="edu.chl.tbok.TestTBook" name="testAddFindMessage"/>
  <testcase time="0.317" classname="edu.chl.tbok.TestTBook" name="testAddFindExerciseAndWorkout"/>
</testsuite>